Warning[205] C:\USERS\BATUH\ONEDRIVE\DESKTOP\MIKRO COMP\PROJEKODLAR\BOARD1LAST.X\BOARD1_LAST.ASM 4 : Found directive in column 1. (LIST)
Warning[205] C:\USERS\BATUH\ONEDRIVE\DESKTOP\MIKRO COMP\PROJEKODLAR\BOARD1LAST.X\BOARD1_LAST.ASM 5 : Found directive in column 1. (INCLUDE)
Warning[205] C:\USERS\BATUH\ONEDRIVE\DESKTOP\MIKRO COMP\PROJEKODLAR\BOARD1LAST.X\BOARD1_LAST.ASM 8 : Found directive in column 1. (CBLOCK)
Warning[205] C:\USERS\BATUH\ONEDRIVE\DESKTOP\MIKRO COMP\PROJEKODLAR\BOARD1LAST.X\BOARD1_LAST.ASM 14 : Found directive in column 1. (ENDC)
Warning[205] C:\USERS\BATUH\ONEDRIVE\DESKTOP\MIKRO COMP\PROJEKODLAR\BOARD1LAST.X\BOARD1_LAST.ASM 16 : Found directive in column 1. (ORG)
Warning[203] C:\USERS\BATUH\ONEDRIVE\DESKTOP\MIKRO COMP\PROJEKODLAR\BOARD1LAST.X\BOARD1_LAST.ASM 17 : Found opcode in column 1. (GOTO)
Warning[205] C:\USERS\BATUH\ONEDRIVE\DESKTOP\MIKRO COMP\PROJEKODLAR\BOARD1LAST.X\BOARD1_LAST.ASM 19 : Found directive in column 1. (ORG)
Message[302] C:\USERS\BATUH\ONEDRIVE\DESKTOP\MIKRO COMP\PROJEKODLAR\BOARD1LAST.X\BOARD1_LAST.ASM 81 : Register in operand not in bank 0.  Ensure that bank bits are correct.
Message[302] C:\USERS\BATUH\ONEDRIVE\DESKTOP\MIKRO COMP\PROJEKODLAR\BOARD1LAST.X\BOARD1_LAST.ASM 204 : Register in operand not in bank 0.  Ensure that bank bits are correct.
Message[302] C:\USERS\BATUH\ONEDRIVE\DESKTOP\MIKRO COMP\PROJEKODLAR\BOARD1LAST.X\BOARD1_LAST.ASM 215 : Register in operand not in bank 0.  Ensure that bank bits are correct.
Message[302] C:\USERS\BATUH\ONEDRIVE\DESKTOP\MIKRO COMP\PROJEKODLAR\BOARD1LAST.X\BOARD1_LAST.ASM 220 : Register in operand not in bank 0.  Ensure that bank bits are correct.
Message[302] C:\USERS\BATUH\ONEDRIVE\DESKTOP\MIKRO COMP\PROJEKODLAR\BOARD1LAST.X\BOARD1_LAST.ASM 223 : Register in operand not in bank 0.  Ensure that bank bits are correct.
Message[302] C:\USERS\BATUH\ONEDRIVE\DESKTOP\MIKRO COMP\PROJEKODLAR\BOARD1LAST.X\BOARD1_LAST.ASM 226 : Register in operand not in bank 0.  Ensure that bank bits are correct.
Message[302] C:\USERS\BATUH\ONEDRIVE\DESKTOP\MIKRO COMP\PROJEKODLAR\BOARD1LAST.X\BOARD1_LAST.ASM 232 : Register in operand not in bank 0.  Ensure that bank bits are correct.
Message[302] C:\USERS\BATUH\ONEDRIVE\DESKTOP\MIKRO COMP\PROJEKODLAR\BOARD1LAST.X\BOARD1_LAST.ASM 234 : Register in operand not in bank 0.  Ensure that bank bits are correct.
Message[302] C:\USERS\BATUH\ONEDRIVE\DESKTOP\MIKRO COMP\PROJEKODLAR\BOARD1LAST.X\BOARD1_LAST.ASM 239 : Register in operand not in bank 0.  Ensure that bank bits are correct.
Message[302] C:\USERS\BATUH\ONEDRIVE\DESKTOP\MIKRO COMP\PROJEKODLAR\BOARD1LAST.X\BOARD1_LAST.ASM 242 : Register in operand not in bank 0.  Ensure that bank bits are correct.
Message[302] C:\USERS\BATUH\ONEDRIVE\DESKTOP\MIKRO COMP\PROJEKODLAR\BOARD1LAST.X\BOARD1_LAST.ASM 245 : Register in operand not in bank 0.  Ensure that bank bits are correct.
Message[302] C:\USERS\BATUH\ONEDRIVE\DESKTOP\MIKRO COMP\PROJEKODLAR\BOARD1LAST.X\BOARD1_LAST.ASM 255 : Register in operand not in bank 0.  Ensure that bank bits are correct.
Message[302] C:\USERS\BATUH\ONEDRIVE\DESKTOP\MIKRO COMP\PROJEKODLAR\BOARD1LAST.X\BOARD1_LAST.ASM 261 : Register in operand not in bank 0.  Ensure that bank bits are correct.
Warning[205] C:\USERS\BATUH\ONEDRIVE\DESKTOP\MIKRO COMP\PROJEKODLAR\BOARD1LAST.X\BOARD1_LAST.ASM 384 : Found directive in column 1. (ORG)
Warning[205] C:\USERS\BATUH\ONEDRIVE\DESKTOP\MIKRO COMP\PROJEKODLAR\BOARD1LAST.X\BOARD1_LAST.ASM 415 : Found directive in column 1. (END)
